Arguments: 
  C:\Program Files\nodejs\node.exe C:\Program Files (x86)\Yarn\bin\yarn.js build

PATH: 
  C:\Program Files\Java\jre1.8.0_271;C:\Python27\;C:\Python27\Scripts;C:\Python39\Scripts\;C:\Python39\;C:\Windows\system32;C:\Windows;C:\Windows\System32\Wbem;C:\Windows\System32\WindowsPowerShell\v1.0\;C:\Windows\System32\OpenSSH\;C:\ProgramData\chocolatey\bin;C:\Program Files\nodejs\;C:\Program Files\Git\cmd;C:\Program Files\NVIDIA Corporation\NVIDIA NvDLISR;C:\Program Files (x86)\NVIDIA Corporation\PhysX\Common;C:\tools\lxrunoffline;C:\Program Files\Java\jre1.8.0_271\bin;C:\Program Files (x86)\Yarn\bin\;C:\Program Files\Calibre2\;C:\Program Files (x86)\Brackets\command;C:\Users\skriptkiddy\Documents\libwebp\bin;C:\Users\skriptkiddy\AppData\Local\Microsoft\WindowsApps;C:\Users\skriptkiddy\AppData\Local\Programs\Microsoft VS Code Insiders\bin;C:\Users\skriptkiddy\AppData\Roaming\npm;C:\Users\skriptkiddy\AppData\Local\atom\bin;C:\Users\skriptkiddy\AppData\Local\GitHubDesktop\bin;C:\Users\skriptkiddy\AppData\Local\Programs\Microsoft VS Code\bin;C:\Program Files (x86)\Java\jre7\bin;C:\Users\skriptkiddy\AppData\Local\Yarn\bin

Yarn version: 
  1.22.5

Node version: 
  12.19.0

Platform: 
  win32 x64

Trace: 
  TypeError [ERR_INVALID_ARG_TYPE]: The "path" argument must be of type string. Received [Object: null prototype]
      at validateString (internal/validators.js:120:11)
      at Object.isAbsolute (path.js:353:5)
      at module.exports.exports.default (C:\Program Files (x86)\Yarn\lib\cli.js:96946:16)
      at C:\Program Files (x86)\Yarn\lib\cli.js:51144:63
      at Generator.next (<anonymous>)
      at step (C:\Program Files (x86)\Yarn\lib\cli.js:310:30)
      at C:\Program Files (x86)\Yarn\lib\cli.js:321:13

npm manifest: 
  {
    "requires": true,
    "lockfileVersion": 1,
    "dependencies": {
      "@auth0/auth0-spa-js": "^1.12.1",
      "@aws-amplify/ui-react": "^0.2.23",
      "aws-amplify": "^3.3.3",
      "dialog-polyfill": {
        "integrity": "sha512-j5yGMkP8T00UFgyO+78OxiN5vC5dzRQF3BEio+LhNvDbyfxWBsi3sfPArDm54VloaJwy2hm3erEiDWqHRC8rzw==",
        "resolved": "https://registry.npmjs.org/dialog-polyfill/-/dialog-polyfill-0.4.10.tgz",
        "version": "0.4.10"
      },
      "firebaseui": "^4.6.1",
      "material-design-lite": {
        "integrity": "sha1-0ATOP+6Zoe63Sni4oyUTSl8RcdM=",
        "resolved": "https://registry.npmjs.org/material-design-lite/-/material-design-lite-1.3.0.tgz",
        "version": "1.3.0"
      },
      "puppeteer": "^5.4.0"
    },
    "devDependencies": {
      "critical": "^2.0.5"
    }
  }

yarn manifest: 
  No manifest

Lockfile: 
  No lockfile
